This is pdfTeX, Version 3.14159265-2.6-1.40.15 (TeX Live 2014/Debian) (preloaded format=pdflatex 2014.11.17)  27 MAR 2015 09:40
entering extended mode
 restricted \write18 enabled.
 Source specials enabled.
 %&-line parsing enabled.
**osm_exame_jensen_gjx653.tex
(./osm_exame_jensen_gjx653.tex
LaTeX2e <2014/05/01>
Babel <3.9k> and hyphenation patterns for 79 languages loaded.
(/usr/share/texlive/texmf-dist/tex/latex/base/report.cls
Document Class: report 2007/10/19 v1.4h Standard LaTeX document class
(/usr/share/texlive/texmf-dist/tex/latex/base/size12.clo
File: size12.clo 2007/10/19 v1.4h Standard LaTeX file (size option)
)
\c@part=\count79
\c@chapter=\count80
\c@section=\count81
\c@subsection=\count82
\c@subsubsection=\count83
\c@paragraph=\count84
\c@subparagraph=\count85
\c@figure=\count86
\c@table=\count87
\abovecaptionskip=\skip41
\belowcaptionskip=\skip42
\bibindent=\dimen102
)
(/usr/share/texlive/texmf-dist/tex/latex/base/inputenc.sty
Package: inputenc 2014/04/30 v1.2b Input encoding file
\inpenc@prehook=\toks14
\inpenc@posthook=\toks15

(/usr/share/texlive/texmf-dist/tex/latex/base/utf8.def
File: utf8.def 2008/04/05 v1.1m UTF-8 support for inputenc
Now handling font encoding OML ...
... no UTF-8 mapping file for font encoding OML
Now handling font encoding T1 ...
... processing UTF-8 mapping file for font encoding T1

(/usr/share/texlive/texmf-dist/tex/latex/base/t1enc.dfu
File: t1enc.dfu 2008/04/05 v1.1m UTF-8 support for inputenc
   defining Unicode char U+00A1 (decimal 161)
   defining Unicode char U+00A3 (decimal 163)
   defining Unicode char U+00AB (decimal 171)
   defining Unicode char U+00BB (decimal 187)
   defining Unicode char U+00BF (decimal 191)
   defining Unicode char U+00C0 (decimal 192)
   defining Unicode char U+00C1 (decimal 193)
   defining Unicode char U+00C2 (decimal 194)
   defining Unicode char U+00C3 (decimal 195)
   defining Unicode char U+00C4 (decimal 196)
   defining Unicode char U+00C5 (decimal 197)
   defining Unicode char U+00C6 (decimal 198)
   defining Unicode char U+00C7 (decimal 199)
   defining Unicode char U+00C8 (decimal 200)
   defining Unicode char U+00C9 (decimal 201)
   defining Unicode char U+00CA (decimal 202)
   defining Unicode char U+00CB (decimal 203)
   defining Unicode char U+00CC (decimal 204)
   defining Unicode char U+00CD (decimal 205)
   defining Unicode char U+00CE (decimal 206)
   defining Unicode char U+00CF (decimal 207)
   defining Unicode char U+00D0 (decimal 208)
   defining Unicode char U+00D1 (decimal 209)
   defining Unicode char U+00D2 (decimal 210)
   defining Unicode char U+00D3 (decimal 211)
   defining Unicode char U+00D4 (decimal 212)
   defining Unicode char U+00D5 (decimal 213)
   defining Unicode char U+00D6 (decimal 214)
   defining Unicode char U+00D8 (decimal 216)
   defining Unicode char U+00D9 (decimal 217)
   defining Unicode char U+00DA (decimal 218)
   defining Unicode char U+00DB (decimal 219)
   defining Unicode char U+00DC (decimal 220)
   defining Unicode char U+00DD (decimal 221)
   defining Unicode char U+00DE (decimal 222)
   defining Unicode char U+00DF (decimal 223)
   defining Unicode char U+00E0 (decimal 224)
   defining Unicode char U+00E1 (decimal 225)
   defining Unicode char U+00E2 (decimal 226)
   defining Unicode char U+00E3 (decimal 227)
   defining Unicode char U+00E4 (decimal 228)
   defining Unicode char U+00E5 (decimal 229)
   defining Unicode char U+00E6 (decimal 230)
   defining Unicode char U+00E7 (decimal 231)
   defining Unicode char U+00E8 (decimal 232)
   defining Unicode char U+00E9 (decimal 233)
   defining Unicode char U+00EA (decimal 234)
   defining Unicode char U+00EB (decimal 235)
   defining Unicode char U+00EC (decimal 236)
   defining Unicode char U+00ED (decimal 237)
   defining Unicode char U+00EE (decimal 238)
   defining Unicode char U+00EF (decimal 239)
   defining Unicode char U+00F0 (decimal 240)
   defining Unicode char U+00F1 (decimal 241)
   defining Unicode char U+00F2 (decimal 242)
   defining Unicode char U+00F3 (decimal 243)
   defining Unicode char U+00F4 (decimal 244)
   defining Unicode char U+00F5 (decimal 245)
   defining Unicode char U+00F6 (decimal 246)
   defining Unicode char U+00F8 (decimal 248)
   defining Unicode char U+00F9 (decimal 249)
   defining Unicode char U+00FA (decimal 250)
   defining Unicode char U+00FB (decimal 251)
   defining Unicode char U+00FC (decimal 252)
   defining Unicode char U+00FD (decimal 253)
   defining Unicode char U+00FE (decimal 254)
   defining Unicode char U+00FF (decimal 255)
   defining Unicode char U+0102 (decimal 258)
   defining Unicode char U+0103 (decimal 259)
   defining Unicode char U+0104 (decimal 260)
   defining Unicode char U+0105 (decimal 261)
   defining Unicode char U+0106 (decimal 262)
   defining Unicode char U+0107 (decimal 263)
   defining Unicode char U+010C (decimal 268)
   defining Unicode char U+010D (decimal 269)
   defining Unicode char U+010E (decimal 270)
   defining Unicode char U+010F (decimal 271)
   defining Unicode char U+0110 (decimal 272)
   defining Unicode char U+0111 (decimal 273)
   defining Unicode char U+0118 (decimal 280)
   defining Unicode char U+0119 (decimal 281)
   defining Unicode char U+011A (decimal 282)
   defining Unicode char U+011B (decimal 283)
   defining Unicode char U+011E (decimal 286)
   defining Unicode char U+011F (decimal 287)
   defining Unicode char U+0130 (decimal 304)
   defining Unicode char U+0131 (decimal 305)
   defining Unicode char U+0132 (decimal 306)
   defining Unicode char U+0133 (decimal 307)
   defining Unicode char U+0139 (decimal 313)
   defining Unicode char U+013A (decimal 314)
   defining Unicode char U+013D (decimal 317)
   defining Unicode char U+013E (decimal 318)
   defining Unicode char U+0141 (decimal 321)
   defining Unicode char U+0142 (decimal 322)
   defining Unicode char U+0143 (decimal 323)
   defining Unicode char U+0144 (decimal 324)
   defining Unicode char U+0147 (decimal 327)
   defining Unicode char U+0148 (decimal 328)
   defining Unicode char U+014A (decimal 330)
   defining Unicode char U+014B (decimal 331)
   defining Unicode char U+0150 (decimal 336)
   defining Unicode char U+0151 (decimal 337)
   defining Unicode char U+0152 (decimal 338)
   defining Unicode char U+0153 (decimal 339)
   defining Unicode char U+0154 (decimal 340)
   defining Unicode char U+0155 (decimal 341)
   defining Unicode char U+0158 (decimal 344)
   defining Unicode char U+0159 (decimal 345)
   defining Unicode char U+015A (decimal 346)
   defining Unicode char U+015B (decimal 347)
   defining Unicode char U+015E (decimal 350)
   defining Unicode char U+015F (decimal 351)
   defining Unicode char U+0160 (decimal 352)
   defining Unicode char U+0161 (decimal 353)
   defining Unicode char U+0162 (decimal 354)
   defining Unicode char U+0163 (decimal 355)
   defining Unicode char U+0164 (decimal 356)
   defining Unicode char U+0165 (decimal 357)
   defining Unicode char U+016E (decimal 366)
   defining Unicode char U+016F (decimal 367)
   defining Unicode char U+0170 (decimal 368)
   defining Unicode char U+0171 (decimal 369)
   defining Unicode char U+0178 (decimal 376)
   defining Unicode char U+0179 (decimal 377)
   defining Unicode char U+017A (decimal 378)
   defining Unicode char U+017B (decimal 379)
   defining Unicode char U+017C (decimal 380)
   defining Unicode char U+017D (decimal 381)
   defining Unicode char U+017E (decimal 382)
   defining Unicode char U+200C (decimal 8204)
   defining Unicode char U+2013 (decimal 8211)
   defining Unicode char U+2014 (decimal 8212)
   defining Unicode char U+2018 (decimal 8216)
   defining Unicode char U+2019 (decimal 8217)
   defining Unicode char U+201A (decimal 8218)
   defining Unicode char U+201C (decimal 8220)
   defining Unicode char U+201D (decimal 8221)
   defining Unicode char U+201E (decimal 8222)
   defining Unicode char U+2030 (decimal 8240)
   defining Unicode char U+2031 (decimal 8241)
   defining Unicode char U+2039 (decimal 8249)
   defining Unicode char U+203A (decimal 8250)
   defining Unicode char U+2423 (decimal 9251)
)
Now handling font encoding OT1 ...
... processing UTF-8 mapping file for font encoding OT1

(/usr/share/texlive/texmf-dist/tex/latex/base/ot1enc.dfu
File: ot1enc.dfu 2008/04/05 v1.1m UTF-8 support for inputenc
   defining Unicode char U+00A1 (decimal 161)
   defining Unicode char U+00A3 (decimal 163)
   defining Unicode char U+00B8 (decimal 184)
   defining Unicode char U+00BF (decimal 191)
   defining Unicode char U+00C5 (decimal 197)
   defining Unicode char U+00C6 (decimal 198)
   defining Unicode char U+00D8 (decimal 216)
   defining Unicode char U+00DF (decimal 223)
   defining Unicode char U+00E6 (decimal 230)
   defining Unicode char U+00EC (decimal 236)
   defining Unicode char U+00ED (decimal 237)
   defining Unicode char U+00EE (decimal 238)
   defining Unicode char U+00EF (decimal 239)
   defining Unicode char U+00F8 (decimal 248)
   defining Unicode char U+0131 (decimal 305)
   defining Unicode char U+0141 (decimal 321)
   defining Unicode char U+0142 (decimal 322)
   defining Unicode char U+0152 (decimal 338)
   defining Unicode char U+0153 (decimal 339)
   defining Unicode char U+2013 (decimal 8211)
   defining Unicode char U+2014 (decimal 8212)
   defining Unicode char U+2018 (decimal 8216)
   defining Unicode char U+2019 (decimal 8217)
   defining Unicode char U+201C (decimal 8220)
   defining Unicode char U+201D (decimal 8221)
)
Now handling font encoding OMS ...
... processing UTF-8 mapping file for font encoding OMS

(/usr/share/texlive/texmf-dist/tex/latex/base/omsenc.dfu
File: omsenc.dfu 2008/04/05 v1.1m UTF-8 support for inputenc
   defining Unicode char U+00A7 (decimal 167)
   defining Unicode char U+00B6 (decimal 182)
   defining Unicode char U+00B7 (decimal 183)
   defining Unicode char U+2020 (decimal 8224)
   defining Unicode char U+2021 (decimal 8225)
   defining Unicode char U+2022 (decimal 8226)
)
Now handling font encoding OMX ...
... no UTF-8 mapping file for font encoding OMX
Now handling font encoding U ...
... no UTF-8 mapping file for font encoding U
   defining Unicode char U+00A9 (decimal 169)
   defining Unicode char U+00AA (decimal 170)
   defining Unicode char U+00AE (decimal 174)
   defining Unicode char U+00BA (decimal 186)
   defining Unicode char U+02C6 (decimal 710)
   defining Unicode char U+02DC (decimal 732)
   defining Unicode char U+200C (decimal 8204)
   defining Unicode char U+2026 (decimal 8230)
   defining Unicode char U+2122 (decimal 8482)
   defining Unicode char U+2423 (decimal 9251)
))
(/usr/share/texlive/texmf-dist/tex/generic/babel/babel.sty
Package: babel 2014/03/24 3.9k The Babel package

(/usr/share/texlive/texmf-dist/tex/generic/babel-danish/danish.ldf
Language: danish 2009/09/19 v1.3r Danish support from the babel system

(/usr/share/texlive/texmf-dist/tex/generic/babel/babel.def
File: babel.def 2014/03/24 3.9k Babel common definitions
\babel@savecnt=\count88
\U@D=\dimen103
)
Package babel Info: Making " an active character on input line 82.
))
(/usr/share/texlive/texmf-dist/tex/latex/amsmath/amsmath.sty
Package: amsmath 2013/01/14 v2.14 AMS math features
\@mathmargin=\skip43

For additional information on amsmath, use the `?' option.
(/usr/share/texlive/texmf-dist/tex/latex/amsmath/amstext.sty
Package: amstext 2000/06/29 v2.01

(/usr/share/texlive/texmf-dist/tex/latex/amsmath/amsgen.sty
File: amsgen.sty 1999/11/30 v2.0
\@emptytoks=\toks16
\ex@=\dimen104
))
(/usr/share/texlive/texmf-dist/tex/latex/amsmath/amsbsy.sty
Package: amsbsy 1999/11/29 v1.2d
\pmbraise@=\dimen105
)
(/usr/share/texlive/texmf-dist/tex/latex/amsmath/amsopn.sty
Package: amsopn 1999/12/14 v2.01 operator names
)
\inf@bad=\count89
LaTeX Info: Redefining \frac on input line 210.
\uproot@=\count90
\leftroot@=\count91
LaTeX Info: Redefining \overline on input line 306.
\classnum@=\count92
\DOTSCASE@=\count93
LaTeX Info: Redefining \ldots on input line 378.
LaTeX Info: Redefining \dots on input line 381.
LaTeX Info: Redefining \cdots on input line 466.
\Mathstrutbox@=\box26
\strutbox@=\box27
\big@size=\dimen106
LaTeX Font Info:    Redeclaring font encoding OML on input line 566.
LaTeX Font Info:    Redeclaring font encoding OMS on input line 567.
\macc@depth=\count94
\c@MaxMatrixCols=\count95
\dotsspace@=\muskip10
\c@parentequation=\count96
\dspbrk@lvl=\count97
\tag@help=\toks17
\row@=\count98
\column@=\count99
\maxfields@=\count100
\andhelp@=\toks18
\eqnshift@=\dimen107
\alignsep@=\dimen108
\tagshift@=\dimen109
\tagwidth@=\dimen110
\totwidth@=\dimen111
\lineht@=\dimen112
\@envbody=\toks19
\multlinegap=\skip44
\multlinetaggap=\skip45
\mathdisplay@stack=\toks20
LaTeX Info: Redefining \[ on input line 2665.
LaTeX Info: Redefining \] on input line 2666.
)
(/usr/share/texlive/texmf-dist/tex/latex/amsfonts/amssymb.sty
Package: amssymb 2013/01/14 v3.01 AMS font symbols

(/usr/share/texlive/texmf-dist/tex/latex/amsfonts/amsfonts.sty
Package: amsfonts 2013/01/14 v3.01 Basic AMSFonts support
\symAMSa=\mathgroup4
\symAMSb=\mathgroup5
LaTeX Font Info:    Overwriting math alphabet `\mathfrak' in version `bold'
(Font)                  U/euf/m/n --> U/euf/b/n on input line 106.
))
(/usr/share/texlive/texmf-dist/tex/latex/listings/listings.sty
(/usr/share/texlive/texmf-dist/tex/latex/graphics/keyval.sty
Package: keyval 2014/05/08 v1.15 key=value parser (DPC)
\KV@toks@=\toks21
)
\lst@mode=\count101
\lst@gtempboxa=\box28
\lst@token=\toks22
\lst@length=\count102
\lst@currlwidth=\dimen113
\lst@column=\count103
\lst@pos=\count104
\lst@lostspace=\dimen114
\lst@width=\dimen115
\lst@newlines=\count105
\lst@lineno=\count106
\lst@maxwidth=\dimen116

(/usr/share/texlive/texmf-dist/tex/latex/listings/lstmisc.sty
File: lstmisc.sty 2014/03/04 1.5c (Carsten Heinz)
\c@lstnumber=\count107
\lst@skipnumbers=\count108
\lst@framebox=\box29
)
(/usr/share/texlive/texmf-dist/tex/latex/listings/listings.cfg
File: listings.cfg 2014/03/04 1.5c listings configuration
))
Package: listings 2014/03/04 1.5c (Carsten Heinz)

(/usr/share/texlive/texmf-dist/tex/latex/hyperref/hyperref.sty
Package: hyperref 2012/11/06 v6.83m Hypertext links for LaTeX

(/usr/share/texlive/texmf-dist/tex/generic/oberdiek/hobsub-hyperref.sty
Package: hobsub-hyperref 2012/05/28 v1.13 Bundle oberdiek, subset hyperref (HO)


(/usr/share/texlive/texmf-dist/tex/generic/oberdiek/hobsub-generic.sty
Package: hobsub-generic 2012/05/28 v1.13 Bundle oberdiek, subset generic (HO)
Package: hobsub 2012/05/28 v1.13 Construct package bundles (HO)
Package: infwarerr 2010/04/08 v1.3 Providing info/warning/error messages (HO)
Package: ltxcmds 2011/11/09 v1.22 LaTeX kernel commands for general use (HO)
Package: ifluatex 2010/03/01 v1.3 Provides the ifluatex switch (HO)
Package ifluatex Info: LuaTeX not detected.
Package: ifvtex 2010/03/01 v1.5 Detect VTeX and its facilities (HO)
Package ifvtex Info: VTeX not detected.
Package: intcalc 2007/09/27 v1.1 Expandable calculations with integers (HO)
Package: ifpdf 2011/01/30 v2.3 Provides the ifpdf switch (HO)
Package ifpdf Info: pdfTeX in PDF mode is detected.
Package: etexcmds 2011/02/16 v1.5 Avoid name clashes with e-TeX commands (HO)
Package etexcmds Info: Could not find \expanded.
(etexcmds)             That can mean that you are not using pdfTeX 1.50 or
(etexcmds)             that some package has redefined \expanded.
(etexcmds)             In the latter case, load this package earlier.
Package: kvsetkeys 2012/04/25 v1.16 Key value parser (HO)
Package: kvdefinekeys 2011/04/07 v1.3 Define keys (HO)
Package: pdftexcmds 2011/11/29 v0.20 Utility functions of pdfTeX for LuaTeX (HO
)
Package pdftexcmds Info: LuaTeX not detected.
Package pdftexcmds Info: \pdf@primitive is available.
Package pdftexcmds Info: \pdf@ifprimitive is available.
Package pdftexcmds Info: \pdfdraftmode found.
Package: pdfescape 2011/11/25 v1.13 Implements pdfTeX's escape features (HO)
Package: bigintcalc 2012/04/08 v1.3 Expandable calculations on big integers (HO
)
Package: bitset 2011/01/30 v1.1 Handle bit-vector datatype (HO)
Package: uniquecounter 2011/01/30 v1.2 Provide unlimited unique counter (HO)
)
Package hobsub Info: Skipping package `hobsub' (already loaded).
Package: letltxmacro 2010/09/02 v1.4 Let assignment for LaTeX macros (HO)
Package: hopatch 2012/05/28 v1.2 Wrapper for package hooks (HO)
Package: xcolor-patch 2011/01/30 xcolor patch
Package: atveryend 2011/06/30 v1.8 Hooks at the very end of document (HO)
Package atveryend Info: \enddocument detected (standard20110627).
Package: atbegshi 2011/10/05 v1.16 At begin shipout hook (HO)
Package: refcount 2011/10/16 v3.4 Data extraction from label references (HO)
Package: hycolor 2011/01/30 v1.7 Color options for hyperref/bookmark (HO)
)
(/usr/share/texlive/texmf-dist/tex/generic/ifxetex/ifxetex.sty
Package: ifxetex 2010/09/12 v0.6 Provides ifxetex conditional
)
(/usr/share/texlive/texmf-dist/tex/latex/oberdiek/auxhook.sty
Package: auxhook 2011/03/04 v1.3 Hooks for auxiliary files (HO)
)
(/usr/share/texlive/texmf-dist/tex/latex/oberdiek/kvoptions.sty
Package: kvoptions 2011/06/30 v3.11 Key value format for package options (HO)
)
\@linkdim=\dimen117
\Hy@linkcounter=\count109
\Hy@pagecounter=\count110

(/usr/share/texlive/texmf-dist/tex/latex/hyperref/pd1enc.def
File: pd1enc.def 2012/11/06 v6.83m Hyperref: PDFDocEncoding definition (HO)
Now handling font encoding PD1 ...
... no UTF-8 mapping file for font encoding PD1
)
\Hy@SavedSpaceFactor=\count111

(/usr/share/texlive/texmf-dist/tex/latex/latexconfig/hyperref.cfg
File: hyperref.cfg 2002/06/06 v1.2 hyperref configuration of TeXLive
)
Package hyperref Info: Hyper figures OFF on input line 4443.
Package hyperref Info: Link nesting OFF on input line 4448.
Package hyperref Info: Hyper index ON on input line 4451.
Package hyperref Info: Plain pages OFF on input line 4458.
Package hyperref Info: Backreferencing OFF on input line 4463.
Package hyperref Info: Implicit mode ON; LaTeX internals redefined.
Package hyperref Info: Bookmarks ON on input line 4688.
\c@Hy@tempcnt=\count112

(/usr/share/texlive/texmf-dist/tex/latex/url/url.sty
\Urlmuskip=\muskip11
Package: url 2013/09/16  ver 3.4  Verb mode for urls, etc.
)
LaTeX Info: Redefining \url on input line 5041.
\XeTeXLinkMargin=\dimen118
\Fld@menulength=\count113
\Field@Width=\dimen119
\Fld@charsize=\dimen120
Package hyperref Info: Hyper figures OFF on input line 6295.
Package hyperref Info: Link nesting OFF on input line 6300.
Package hyperref Info: Hyper index ON on input line 6303.
Package hyperref Info: backreferencing OFF on input line 6310.
Package hyperref Info: Link coloring OFF on input line 6315.
Package hyperref Info: Link coloring with OCG OFF on input line 6320.
Package hyperref Info: PDF/A mode OFF on input line 6325.
LaTeX Info: Redefining \ref on input line 6365.
LaTeX Info: Redefining \pageref on input line 6369.
\Hy@abspage=\count114
\c@Item=\count115
\c@Hfootnote=\count116
)

Package hyperref Message: Driver (autodetected): hpdftex.

(/usr/share/texlive/texmf-dist/tex/latex/hyperref/hpdftex.def
File: hpdftex.def 2012/11/06 v6.83m Hyperref driver for pdfTeX
\Fld@listcount=\count117
\c@bookmark@seq@number=\count118

(/usr/share/texlive/texmf-dist/tex/latex/oberdiek/rerunfilecheck.sty
Package: rerunfilecheck 2011/04/15 v1.7 Rerun checks for auxiliary files (HO)
Package uniquecounter Info: New unique counter `rerunfilecheck' on input line 2
82.
)
\Hy@SectionHShift=\skip46
)
(/usr/share/texlive/texmf-dist/tex/latex/booktabs/booktabs.sty
Package: booktabs 2005/04/14 v1.61803 publication quality tables
\heavyrulewidth=\dimen121
\lightrulewidth=\dimen122
\cmidrulewidth=\dimen123
\belowrulesep=\dimen124
\belowbottomsep=\dimen125
\aboverulesep=\dimen126
\abovetopsep=\dimen127
\cmidrulesep=\dimen128
\cmidrulekern=\dimen129
\defaultaddspace=\dimen130
\@cmidla=\count119
\@cmidlb=\count120
\@aboverulesep=\dimen131
\@belowrulesep=\dimen132
\@thisruleclass=\count121
\@lastruleclass=\count122
\@thisrulewidth=\dimen133
)
(/usr/share/texlive/texmf-dist/tex/latex/graphics/graphicx.sty
Package: graphicx 2014/04/25 v1.0g Enhanced LaTeX Graphics (DPC,SPQR)

(/usr/share/texlive/texmf-dist/tex/latex/graphics/graphics.sty
Package: graphics 2009/02/05 v1.0o Standard LaTeX Graphics (DPC,SPQR)

(/usr/share/texlive/texmf-dist/tex/latex/graphics/trig.sty
Package: trig 1999/03/16 v1.09 sin cos tan (DPC)
)
(/usr/share/texlive/texmf-dist/tex/latex/latexconfig/graphics.cfg
File: graphics.cfg 2010/04/23 v1.9 graphics configuration of TeX Live
)
Package graphics Info: Driver file: pdftex.def on input line 91.

(/usr/share/texlive/texmf-dist/tex/latex/pdftex-def/pdftex.def
File: pdftex.def 2011/05/27 v0.06d Graphics/color for pdfTeX
\Gread@gobject=\count123
))
\Gin@req@height=\dimen134
\Gin@req@width=\dimen135
)
(/usr/share/texlive/texmf-dist/tex/latex/base/makeidx.sty
Package: makeidx 2000/03/29 v1.0m Standard LaTeX package
)
(/usr/share/texlive/texmf-dist/tex/latex/titlesec/titlesec.sty
Package: titlesec 2011/12/15 v2.10.0 Sectioning titles
\ttl@box=\box30
\beforetitleunit=\skip47
\aftertitleunit=\skip48
\ttl@plus=\dimen136
\ttl@minus=\dimen137
\ttl@toksa=\toks23
\titlewidth=\dimen138
\titlewidthlast=\dimen139
\titlewidthfirst=\dimen140
)
(/usr/share/texlive/texmf-dist/tex/latex/fancyhdr/fancyhdr.sty
\fancy@headwidth=\skip49
\f@ncyO@elh=\skip50
\f@ncyO@erh=\skip51
\f@ncyO@olh=\skip52
\f@ncyO@orh=\skip53
\f@ncyO@elf=\skip54
\f@ncyO@erf=\skip55
\f@ncyO@olf=\skip56
\f@ncyO@orf=\skip57
)
(/usr/share/texlive/texmf-dist/tex/latex/wrapfig/wrapfig.sty
\wrapoverhang=\dimen141
\WF@size=\dimen142
\c@WF@wrappedlines=\count124
\WF@box=\box31
\WF@everypar=\toks24
Package: wrapfig 2003/01/31  v 3.6
)
(/usr/share/texlive/texmf-dist/tex/latex/fancyvrb/fancyvrb.sty
Package: fancyvrb 2008/02/07

Style option: `fancyvrb' v2.7a, with DG/SPQR fixes, and firstline=lastline fix 
<2008/02/07> (tvz)
\FV@CodeLineNo=\count125
\FV@InFile=\read1
\FV@TabBox=\box32
\c@FancyVerbLine=\count126
\FV@StepNumber=\count127
\FV@OutFile=\write3
) (/usr/share/texlive/texmf-dist/tex/latex/pbox/pbox.sty
Package: pbox 2011/12/07 v1.2 Dynamic parboxes

(/usr/share/texlive/texmf-dist/tex/latex/tools/calc.sty
Package: calc 2007/08/22 v4.3 Infix arithmetic (KKT,FJ)
\calc@Acount=\count128
\calc@Bcount=\count129
\calc@Adimen=\dimen143
\calc@Bdimen=\dimen144
\calc@Askip=\skip58
\calc@Bskip=\skip59
LaTeX Info: Redefining \setlength on input line 75.
LaTeX Info: Redefining \addtolength on input line 76.
\calc@Ccount=\count130
\calc@Cskip=\skip60
)
(/usr/share/texlive/texmf-dist/tex/latex/base/ifthen.sty
Package: ifthen 2001/05/26 v1.1c Standard LaTeX ifthen package (DPC)
)
\pb@xlen=\skip61
)
(/usr/share/texlive/texmf-dist/tex/latex/mh/mathtools.sty
Package: mathtools 2014/05/21 v1.14 mathematical typesetting tools

(/usr/share/texlive/texmf-dist/tex/latex/mh/mhsetup.sty
Package: mhsetup 2010/01/21 v1.2a programming setup (MH)
)
LaTeX Info: Thecontrolsequence`\['isalreadyrobust on input line 129.
LaTeX Info: Thecontrolsequence`\]'isalreadyrobust on input line 129.
\g_MT_multlinerow_int=\count131
\l_MT_multwidth_dim=\dimen145
\origjot=\skip62
\l_MT_shortvdotswithinadjustabove_dim=\dimen146
\l_MT_shortvdotswithinadjustbelow_dim=\dimen147
\l_MT_above_intertext_sep=\dimen148
\l_MT_below_intertext_sep=\dimen149
\l_MT_above_shortintertext_sep=\dimen150
\l_MT_below_shortintertext_sep=\dimen151
)
(/usr/share/texlive/texmf-dist/tex/latex/tools/multicol.sty
Package: multicol 2014/04/23 v1.8e multicolumn formatting (FMi)
\c@tracingmulticols=\count132
\mult@box=\box33
\multicol@leftmargin=\dimen152
\c@unbalance=\count133
\c@collectmore=\count134
\doublecol@number=\count135
\multicoltolerance=\count136
\multicolpretolerance=\count137
\full@width=\dimen153
\page@free=\dimen154
\premulticols=\dimen155
\postmulticols=\dimen156
\multicolsep=\skip63
\multicolbaselineskip=\skip64
\partial@page=\box34
\last@line=\box35
\maxbalancingoverflow=\dimen157
\mult@rightbox=\box36
\mult@grightbox=\box37
\mult@gfirstbox=\box38
\mult@firstbox=\box39
\@tempa=\box40
\@tempa=\box41
\@tempa=\box42
\@tempa=\box43
\@tempa=\box44
\@tempa=\box45
\@tempa=\box46
\@tempa=\box47
\@tempa=\box48
\@tempa=\box49
\@tempa=\box50
\@tempa=\box51
\@tempa=\box52
\@tempa=\box53
\@tempa=\box54
\@tempa=\box55
\@tempa=\box56
\c@columnbadness=\count138
\c@finalcolumnbadness=\count139
\last@try=\dimen158
\multicolovershoot=\dimen159
\multicolundershoot=\dimen160
\mult@nat@firstbox=\box57
\colbreak@box=\box58
\mc@col@check@num=\count140
)
(./osm_exame_jensen_gjx653.aux)
\openout1 = `osm_exame_jensen_gjx653.aux'.

LaTeX Font Info:    Checking defaults for OML/cmm/m/it on input line 29.
LaTeX Font Info:    ... okay on input line 29.
LaTeX Font Info:    Checking defaults for T1/cmr/m/n on input line 29.
LaTeX Font Info:    ... okay on input line 29.
LaTeX Font Info:    Checking defaults for OT1/cmr/m/n on input line 29.
LaTeX Font Info:    ... okay on input line 29.
LaTeX Font Info:    Checking defaults for OMS/cmsy/m/n on input line 29.
LaTeX Font Info:    ... okay on input line 29.
LaTeX Font Info:    Checking defaults for OMX/cmex/m/n on input line 29.
LaTeX Font Info:    ... okay on input line 29.
LaTeX Font Info:    Checking defaults for U/cmr/m/n on input line 29.
LaTeX Font Info:    ... okay on input line 29.
LaTeX Font Info:    Checking defaults for PD1/pdf/m/n on input line 29.
LaTeX Font Info:    ... okay on input line 29.
\c@lstlisting=\count141
\AtBeginShipoutBox=\box59
Package hyperref Info: Link coloring OFF on input line 29.

(/usr/share/texlive/texmf-dist/tex/latex/hyperref/nameref.sty
Package: nameref 2012/10/27 v2.43 Cross-referencing by name of section

(/usr/share/texlive/texmf-dist/tex/generic/oberdiek/gettitlestring.sty
Package: gettitlestring 2010/12/03 v1.4 Cleanup title references (HO)
)
\c@section@level=\count142
)
LaTeX Info: Redefining \ref on input line 29.
LaTeX Info: Redefining \pageref on input line 29.
LaTeX Info: Redefining \nameref on input line 29.
\@outlinefile=\write4
\openout4 = `osm_exame_jensen_gjx653.out'.


(/usr/share/texlive/texmf-dist/tex/context/base/supp-pdf.mkii
[Loading MPS to PDF converter (version 2006.09.02).]
\scratchcounter=\count143
\scratchdimen=\dimen161
\scratchbox=\box60
\nofMPsegments=\count144
\nofMParguments=\count145
\everyMPshowfont=\toks25
\MPscratchCnt=\count146
\MPscratchDim=\dimen162
\MPnumerator=\count147
\makeMPintoPDFobject=\count148
\everyMPtoPDFconversion=\toks26
) (/usr/share/texlive/texmf-dist/tex/latex/oberdiek/epstopdf-base.sty
Package: epstopdf-base 2010/02/09 v2.5 Base part for package epstopdf

(/usr/share/texlive/texmf-dist/tex/latex/oberdiek/grfext.sty
Package: grfext 2010/08/19 v1.1 Manage graphics extensions (HO)
)
Package grfext Info: Graphics extension search list:
(grfext)             [.png,.pdf,.jpg,.mps,.jpeg,.jbig2,.jb2,.PNG,.PDF,.JPG,.JPE
G,.JBIG2,.JB2,.eps]
(grfext)             \AppendGraphicsExtensions on input line 452.

(/usr/share/texlive/texmf-dist/tex/latex/latexconfig/epstopdf-sys.cfg
File: epstopdf-sys.cfg 2010/07/13 v1.3 Configuration of (r)epstopdf for TeX Liv
e
))

LaTeX Warning: File `ku_logo.png' not found on input line 45.


! Package pdftex.def Error: File `ku_logo.png' not found.

See the pdftex.def package documentation for explanation.
Type  H <return>  for immediate help.
 ...                                              
                                                  
l.45 \includegraphics[scale=0.5]{ku_logo.png}
                                             \\[1cm]
Using draft setting for this image.
Try typing  <return>  to proceed.
If that doesn't work, type  X <return>  to quit.

Package babel Info: Redefining danish shorthand "|
(babel)             in language  on input line 47.
Package babel Info: Redefining danish shorthand "~
(babel)             in language  on input line 47.
Package babel Info: Redefining danish shorthand "|
(babel)             in language  on input line 47.
Package babel Info: Redefining danish shorthand "~
(babel)             in language  on input line 47.
[1

{/var/lib/texmf/fonts/map/pdftex/updmap/pdftex.map}]
\tf@toc=\write5
\openout5 = `osm_exame_jensen_gjx653.toc'.

Package babel Info: Redefining danish shorthand "|
(babel)             in language  on input line 49.
Package babel Info: Redefining danish shorthand "~
(babel)             in language  on input line 49.
Package babel Info: Redefining danish shorthand "|
(babel)             in language  on input line 49.
Package babel Info: Redefining danish shorthand "~
(babel)             in language  on input line 49.
pdfTeX warning (ext4): destination with the same identifier (name{page.1}) has 
been already used, duplicate ignored
<to be read again> 
                   \relax 
l.49 \newpage
              [1

]
Package babel Info: Redefining danish shorthand "|
(babel)             in language  on input line 54.
Package babel Info: Redefining danish shorthand "~
(babel)             in language  on input line 54.
LaTeX Font Info:    Try loading font information for OMS+cmr on input line 83.
 (/usr/share/texlive/texmf-dist/tex/latex/base/omscmr.fd
File: omscmr.fd 1999/05/25 v2.5h Standard LaTeX font definitions
)
LaTeX Font Info:    Font shape `OMS/cmr/m/n' in size <12> not available
(Font)              Font shape `OMS/cmsy/m/n' tried instead on input line 83.
Package babel Info: Redefining danish shorthand "|
(babel)             in language  on input line 97.
Package babel Info: Redefining danish shorthand "~
(babel)             in language  on input line 97.
Package babel Info: Redefining danish shorthand "|
(babel)             in language  on input line 97.
Package babel Info: Redefining danish shorthand "~
(babel)             in language  on input line 97.

[2]
Package babel Info: Redefining danish shorthand "|
(babel)             in language  on input line 145.
Package babel Info: Redefining danish shorthand "~
(babel)             in language  on input line 145.
Package babel Info: Redefining danish shorthand "|
(babel)             in language  on input line 145.
Package babel Info: Redefining danish shorthand "~
(babel)             in language  on input line 145.
 [3]
Package babel Info: Redefining danish shorthand "|
(babel)             in language  on input line 145.
Package babel Info: Redefining danish shorthand "~
(babel)             in language  on input line 145.
Package babel Info: Redefining danish shorthand "|
(babel)             in language  on input line 145.
Package babel Info: Redefining danish shorthand "~
(babel)             in language  on input line 145.
 [4]
Package babel Info: Redefining danish shorthand "|
(babel)             in language  on input line 146.
Package babel Info: Redefining danish shorthand "~
(babel)             in language  on input line 146.

Overfull \hbox (83.52393pt too wide) in paragraph at lines 177--178
[][][][][][][][][][][][][][][][][][][][][][][][] 
 []

Package babel Info: Redefining danish shorthand "|
(babel)             in language  on input line 190.
Package babel Info: Redefining danish shorthand "~
(babel)             in language  on input line 190.
Package babel Info: Redefining danish shorthand "|
(babel)             in language  on input line 190.
Package babel Info: Redefining danish shorthand "~
(babel)             in language  on input line 190.
[5]
Overfull \hbox (0.1752pt too wide) in paragraph at lines 191--191
 |[][]\OT1/cmr/bx/n/17.28 P3. Pro-cess com-mu-ni-ca-tion: Uni-di-rectio-nal
 []

Package babel Info: Redefining danish shorthand "|
(babel)             in language  on input line 191.
Package babel Info: Redefining danish shorthand "~
(babel)             in language  on input line 191.
Package babel Info: Redefining danish shorthand "|
(babel)             in language  on input line 192.
Package babel Info: Redefining danish shorthand "~
(babel)             in language  on input line 192.
Package babel Info: Redefining danish shorthand "|
(babel)             in language  on input line 224.
Package babel Info: Redefining danish shorthand "~
(babel)             in language  on input line 224.
Package babel Info: Redefining danish shorthand "|
(babel)             in language  on input line 236.
Package babel Info: Redefining danish shorthand "~
(babel)             in language  on input line 236.
Package babel Info: Redefining danish shorthand "|
(babel)             in language  on input line 236.
Package babel Info: Redefining danish shorthand "~
(babel)             in language  on input line 236.
[6]
Package babel Info: Redefining danish shorthand "|
(babel)             in language  on input line 273.
Package babel Info: Redefining danish shorthand "~
(babel)             in language  on input line 273.
Package babel Info: Redefining danish shorthand "|
(babel)             in language  on input line 273.
Package babel Info: Redefining danish shorthand "~
(babel)             in language  on input line 273.
 [7]
Package babel Info: Redefining danish shorthand "|
(babel)             in language  on input line 279.
Package babel Info: Redefining danish shorthand "~
(babel)             in language  on input line 279.
Package babel Info: Redefining danish shorthand "|
(babel)             in language  on input line 313.
Package babel Info: Redefining danish shorthand "~
(babel)             in language  on input line 313.
Package babel Info: Redefining danish shorthand "|
(babel)             in language  on input line 319.
Package babel Info: Redefining danish shorthand "~
(babel)             in language  on input line 319.
Package babel Info: Redefining danish shorthand "|
(babel)             in language  on input line 319.
Package babel Info: Redefining danish shorthand "~
(babel)             in language  on input line 319.
 [8]
Package babel Info: Redefining danish shorthand "|
(babel)             in language  on input line 324.
Package babel Info: Redefining danish shorthand "~
(babel)             in language  on input line 324.
Package babel Info: Redefining danish shorthand "|
(babel)             in language  on input line 324.
Package babel Info: Redefining danish shorthand "~
(babel)             in language  on input line 324.
 [9]
Package babel Info: Redefining danish shorthand "|
(babel)             in language  on input line 328.
Package babel Info: Redefining danish shorthand "~
(babel)             in language  on input line 328.
Package babel Info: Redefining danish shorthand "|
(babel)             in language  on input line 328.
Package babel Info: Redefining danish shorthand "~
(babel)             in language  on input line 328.
 [10]
Package babel Info: Redefining danish shorthand "|
(babel)             in language  on input line 329.
Package babel Info: Redefining danish shorthand "~
(babel)             in language  on input line 329.
Package babel Info: Redefining danish shorthand "|
(babel)             in language  on input line 330.
Package babel Info: Redefining danish shorthand "~
(babel)             in language  on input line 330.
Package babel Info: Redefining danish shorthand "|
(babel)             in language  on input line 366.
Package babel Info: Redefining danish shorthand "~
(babel)             in language  on input line 366.
Package babel Info: Redefining danish shorthand "|
(babel)             in language  on input line 366.
Package babel Info: Redefining danish shorthand "~
(babel)             in language  on input line 366.
 [11]
Overfull \hbox (23.7252pt too wide) in paragraph at lines 437--437
[]            \OT1/cmtt/m/n/12 /*there is a frame in productio so lets make 2 w
heels*/[] 
 []


Overfull \hbox (116.35025pt too wide) in paragraph at lines 437--437
[]            \OT1/cmtt/m/n/12 bikeInProduktion-- /*we make wheels allow more f
rames to be produced*/[] 
 []

Package babel Info: Redefining danish shorthand "|
(babel)             in language  on input line 437.
Package babel Info: Redefining danish shorthand "~
(babel)             in language  on input line 437.
Package babel Info: Redefining danish shorthand "|
(babel)             in language  on input line 437.
Package babel Info: Redefining danish shorthand "~
(babel)             in language  on input line 437.
[12]
Overfull \hbox (17.5502pt too wide) in paragraph at lines 437--437
[]            \OT1/cmtt/m/n/12 while(frames.size == 0){ //spin until there is a
 frame[] 
 []


Overfull \hbox (73.12523pt too wide) in paragraph at lines 437--437
[]            \OT1/cmtt/m/n/12 /*If we are here there must be a a ready frame, 
lets assemble*/[] 
 []


Overfull \hbox (147.22527pt too wide) in paragraph at lines 437--437
[]            \OT1/cmtt/m/n/12 frame frame = frames.remove(frame.size); /*remov
e the frame and return it*/[] 
 []

Package babel Info: Redefining danish shorthand "|
(babel)             in language  on input line 438.
Package babel Info: Redefining danish shorthand "~
(babel)             in language  on input line 438.
Package babel Info: Redefining danish shorthand "|
(babel)             in language  on input line 451.
Package babel Info: Redefining danish shorthand "~
(babel)             in language  on input line 451.
Package babel Info: Redefining danish shorthand "|
(babel)             in language  on input line 451.
Package babel Info: Redefining danish shorthand "~
(babel)             in language  on input line 451.
[13]
Package babel Info: Redefining danish shorthand "|
(babel)             in language  on input line 452.
Package babel Info: Redefining danish shorthand "~
(babel)             in language  on input line 452.
Package babel Info: Redefining danish shorthand "|
(babel)             in language  on input line 452.
Package babel Info: Redefining danish shorthand "~
(babel)             in language  on input line 452.
 [14]
Package babel Info: Redefining danish shorthand "|
(babel)             in language  on input line 453.
Package babel Info: Redefining danish shorthand "~
(babel)             in language  on input line 453.
Package babel Info: Redefining danish shorthand "|
(babel)             in language  on input line 454.
Package babel Info: Redefining danish shorthand "~
(babel)             in language  on input line 454.

Overfull \hbox (23.7252pt too wide) in paragraph at lines 488--488
[]    \OT1/cmtt/m/n/12 unsigned char old_block_log_size = node->block_descr->lo
g_size;[] 
 []


Overfull \hbox (42.25021pt too wide) in paragraph at lines 488--488
[]    \OT1/cmtt/m/n/12 if(old_block_size == 1) { // the node can not be split a
ny further[] 
 []


Overfull \hbox (5.2002pt too wide) in paragraph at lines 488--488
[]        \OT1/cmtt/m/n/12 unsigned char new_block_log_size = old_block_log_siz
e/2;[] 
 []

LaTeX Font Info:    Try loading font information for U+msa on input line 492.
(/usr/share/texlive/texmf-dist/tex/latex/amsfonts/umsa.fd
File: umsa.fd 2013/01/14 v3.01 AMS symbols A
)
LaTeX Font Info:    Try loading font information for U+msb on input line 492.

(/usr/share/texlive/texmf-dist/tex/latex/amsfonts/umsb.fd
File: umsb.fd 2013/01/14 v3.01 AMS symbols B
)
Package babel Info: Redefining danish shorthand "|
(babel)             in language  on input line 499.
Package babel Info: Redefining danish shorthand "~
(babel)             in language  on input line 499.
Package babel Info: Redefining danish shorthand "|
(babel)             in language  on input line 499.
Package babel Info: Redefining danish shorthand "~
(babel)             in language  on input line 499.
 [15]
! Missing $ inserted.
<inserted text> 
                $
l.516   to shift the number 1 log_
                                  size times to the left. Then we XOR the ad...
I've inserted a begin-math/end-math symbol since I think
you left one out. Proceed, with fingers crossed.


! LaTeX Error: Command \item invalid in math mode.

See the LaTeX manual or LaTeX Companion for explanation.
Type  H <return>  for immediate help.
 ...                                              
                                                  
l.518   \item
              we then check if it the body is free. If it is free we arrive ...

Try typing  <return>  to proceed.
If that doesn't work, type  X <return>  to quit.


! LaTeX Error: Something's wrong--perhaps a missing \item.

See the LaTeX manual or LaTeX Companion for explanation.
Type  H <return>  for immediate help.
 ...                                              
                                                  
l.518   \item w
               e then check if it the body is free. If it is free we arrive ...

Try typing  <return>  to proceed.
If that doesn't work, type  X <return>  to quit.


! LaTeX Error: Something's wrong--perhaps a missing \item.

See the LaTeX manual or LaTeX Companion for explanation.
Type  H <return>  for immediate help.
 ...                                              
                                                  
l.518   \item w
               e then check if it the body is free. If it is free we arrive ...

Try typing  <return>  to proceed.
If that doesn't work, type  X <return>  to quit.


! LaTeX Error: Command \item invalid in math mode.

See the LaTeX manual or LaTeX Companion for explanation.
Type  H <return>  for immediate help.
 ...                                              
                                                  
l.520   \item
              We then need to determine which node is first in the list. We ...

Try typing  <return>  to proceed.
If that doesn't work, type  X <return>  to quit.

! Missing $ inserted.
<inserted text> 
                $
l.520   \item W
               e then need to determine which node is first in the list. We ...
I've inserted a begin-math/end-math symbol since I think
you left one out. Proceed, with fingers crossed.

! Missing } inserted.
<inserted text> 
                }
l.520   \item W
               e then need to determine which node is first in the list. We ...
I've inserted something that you may have forgotten.
(See the <inserted text> above.)
With luck, this will get me unwedged. But if you
really didn't forget anything, try typing `2' now; then
my insertion and my current dilemma will both disappear.


Overfull \hbox (540.82726pt too wide) in paragraph at lines 514--520
\OT1/cmr/m/n/12 shift the num-ber 1 log$[]\OML/cmm/m/it/12 izetimestotheleft:Th
enweXORtheaddressofthenodewithnandwegetthebody[]saddress:wethencheckifitthebody
isfree:Ifitisfreewearriveattheifbranch:[][]$ 
 []

! Extra }, or forgotten \endgroup.
\par ...m \@noitemerr {\@@par }\fi \else {\@@par }
                                                  \fi 
l.520   \item W
               e then need to determine which node is first in the list. We ...
I've deleted a group-closing symbol because it seems to be
spurious, as in `$x}$'. But perhaps the } is legitimate and
you forgot something else, as in `\hbox{$x}'. In such cases
the way to recover is to insert both the forgotten and the
deleted material, e.g., by typing `I$}'.

! Missing $ inserted.
<inserted text> 
                $
l.523   to the variables old\_first and old_
                                            last according to our findings.
I've inserted a begin-math/end-math symbol since I think
you left one out. Proceed, with fingers crossed.


! LaTeX Error: Command \item invalid in math mode.

See the LaTeX manual or LaTeX Companion for explanation.
Type  H <return>  for immediate help.
 ...                                              
                                                  
l.524   \item
              Then we can coalesce the nodes. First we create a return node....

Try typing  <return>  to proceed.
If that doesn't work, type  X <return>  to quit.


! LaTeX Error: Something's wrong--perhaps a missing \item.

See the LaTeX manual or LaTeX Companion for explanation.
Type  H <return>  for immediate help.
 ...                                              
                                                  
l.524   \item T
               hen we can coalesce the nodes. First we create a return node....

Try typing  <return>  to proceed.
If that doesn't work, type  X <return>  to quit.


! LaTeX Error: Something's wrong--perhaps a missing \item.

See the LaTeX manual or LaTeX Companion for explanation.
Type  H <return>  for immediate help.
 ...                                              
                                                  
l.524   \item T
               hen we can coalesce the nodes. First we create a return node....

Try typing  <return>  to proceed.
If that doesn't work, type  X <return>  to quit.


! LaTeX Error: Command \item invalid in math mode.

See the LaTeX manual or LaTeX Companion for explanation.
Type  H <return>  for immediate help.
 ...                                              
                                                  
l.527   \item
              It is trivial that the two functionns run in O(1) worst case a...

Try typing  <return>  to proceed.
If that doesn't work, type  X <return>  to quit.

! Missing $ inserted.
<inserted text> 
                $
l.527   \item I
               t is trivial that the two functionns run in O(1) worst case a...
I've inserted a begin-math/end-math symbol since I think
you left one out. Proceed, with fingers crossed.

! Missing } inserted.
<inserted text> 
                }
l.527   \item I
               t is trivial that the two functionns run in O(1) worst case a...
I've inserted something that you may have forgotten.
(See the <inserted text> above.)
With luck, this will get me unwedged. But if you
really didn't forget anything, try typing `2' now; then
my insertion and my current dilemma will both disappear.


Overfull \hbox (389.12895pt too wide) in paragraph at lines 520--527
\OT1/cmr/m/n/12 ab-les old[]first and old$[]\OML/cmm/m/it/12 astaccordingtoourf
indings:Thenwecancoalescethenodes:Firstwecreateareturnnode:wethensetthereturnno
de[]slogsizetologsize \OT1/cmr/m/n/12 +
 []

! Extra }, or forgotten \endgroup.
\par ...m \@noitemerr {\@@par }\fi \else {\@@par }
                                                  \fi 
l.527   \item I
               t is trivial that the two functionns run in O(1) worst case a...
I've deleted a group-closing symbol because it seems to be
spurious, as in `$x}$'. But perhaps the } is legitimate and
you forgot something else, as in `\hbox{$x}'. In such cases
the way to recover is to insert both the forgotten and the
deleted material, e.g., by typing `I$}'.


Overfull \hbox (85.47523pt too wide) in paragraph at lines 567--567
[]    \OT1/cmtt/m/n/12 //we can get the address of the body by fliping the bit 
of node's address[] 
 []


Overfull \hbox (42.25021pt too wide) in paragraph at lines 567--567
[]    \OT1/cmtt/m/n/12 unsigned char n = 1 << log_size; //make an n for the XOR
 operation[] 
 []


Overfull \hbox (202.8003pt too wide) in paragraph at lines 567--567
[]    \OT1/cmtt/m/n/12 free_list_node node_body = n^node            //XOR n wit
h node which return the body address[] 
 []


Overfull \hbox (66.95023pt too wide) in paragraph at lines 567--567
[]    \OT1/cmtt/m/n/12 if(!(node_body->block_descr->in_use)){ //its not in use 
we can free it[] 
 []

Package babel Info: Redefining danish shorthand "|
(babel)             in language  on input line 567.
Package babel Info: Redefining danish shorthand "~
(babel)             in language  on input line 567.
Package babel Info: Redefining danish shorthand "|
(babel)             in language  on input line 567.
Package babel Info: Redefining danish shorthand "~
(babel)             in language  on input line 567.
[16]
Overfull \hbox (36.07521pt too wide) in paragraph at lines 567--567
[]        \OT1/cmtt/m/n/12 if(node_body->next == node){    //body is before nod
e in list[] 
 []


Overfull \hbox (42.25021pt too wide) in paragraph at lines 567--567
[]        \OT1/cmtt/m/n/12 else {                           //node is before bo
dy in list[] 
 []


Overfull \hbox (178.10028pt too wide) in paragraph at lines 567--567
[]        \OT1/cmtt/m/n/12 return_node->block_descr->in_use = 0;               
//set the new node to not in use[] 
 []


Overfull \hbox (116.35025pt too wide) in paragraph at lines 567--567
[]        \OT1/cmtt/m/n/12 return_node->block_descr->log_size = log_size + 1;  
//set the new log_size[] 
 []


Overfull \hbox (264.55032pt too wide) in paragraph at lines 567--567
[]        \OT1/cmtt/m/n/12 return_node->next = old_last->next;                 
//set the new next to the old last node's next[] 
 []


Overfull \hbox (289.25034pt too wide) in paragraph at lines 567--567
[]        \OT1/cmtt/m/n/12 return_node->previous = old_first->previous;        
//set the new previous to the old first's previous[] 
 []

Package babel Info: Redefining danish shorthand "|
(babel)             in language  on input line 569.
Package babel Info: Redefining danish shorthand "~
(babel)             in language  on input line 569.
Package babel Info: Redefining danish shorthand "|
(babel)             in language  on input line 588.
Package babel Info: Redefining danish shorthand "~
(babel)             in language  on input line 588.
Package babel Info: Redefining danish shorthand "|
(babel)             in language  on input line 588.
Package babel Info: Redefining danish shorthand "~
(babel)             in language  on input line 588.
[17]
Overfull \hbox (18.2547pt too wide) in paragraph at lines 588--588
 |[]\OT1/cmr/bx/n/14.4 c Frag-men-ta-tion ana-ly-sis, NO-TE: for this part exam
V1.1
 []

Package babel Info: Redefining danish shorthand "|
(babel)             in language  on input line 588.
Package babel Info: Redefining danish shorthand "~
(babel)             in language  on input line 588.
Package babel Info: Redefining danish shorthand "|
(babel)             in language  on input line 618.
Package babel Info: Redefining danish shorthand "~
(babel)             in language  on input line 618.
Package babel Info: Redefining danish shorthand "|
(babel)             in language  on input line 618.
Package babel Info: Redefining danish shorthand "~
(babel)             in language  on input line 618.
[18]
Package babel Info: Redefining danish shorthand "|
(babel)             in language  on input line 619.
Package babel Info: Redefining danish shorthand "~
(babel)             in language  on input line 619.
Package babel Info: Redefining danish shorthand "|
(babel)             in language  on input line 621.
Package babel Info: Redefining danish shorthand "~
(babel)             in language  on input line 621.
Package babel Info: Redefining danish shorthand "|
(babel)             in language  on input line 624.
Package babel Info: Redefining danish shorthand "~
(babel)             in language  on input line 624.
Package babel Info: Redefining danish shorthand "|
(babel)             in language  on input line 624.
Package babel Info: Redefining danish shorthand "~
(babel)             in language  on input line 624.
 [19]
Package babel Info: Redefining danish shorthand "|
(babel)             in language  on input line 625.
Package babel Info: Redefining danish shorthand "~
(babel)             in language  on input line 625.
Package babel Info: Redefining danish shorthand "|
(babel)             in language  on input line 626.
Package babel Info: Redefining danish shorthand "~
(babel)             in language  on input line 626.
Package babel Info: Redefining danish shorthand "|
(babel)             in language  on input line 640.
Package babel Info: Redefining danish shorthand "~
(babel)             in language  on input line 640.
Package babel Info: Redefining danish shorthand "|
(babel)             in language  on input line 640.
Package babel Info: Redefining danish shorthand "~
(babel)             in language  on input line 640.
 [20]
Package babel Info: Redefining danish shorthand "|
(babel)             in language  on input line 641.
Package babel Info: Redefining danish shorthand "~
(babel)             in language  on input line 641.
Package babel Info: Redefining danish shorthand "|
(babel)             in language  on input line 642.
Package babel Info: Redefining danish shorthand "~
(babel)             in language  on input line 642.
Package babel Info: Redefining danish shorthand "|
(babel)             in language  on input line 647.
Package babel Info: Redefining danish shorthand "~
(babel)             in language  on input line 647.
Package babel Info: Redefining danish shorthand "|
(babel)             in language  on input line 654.
Package babel Info: Redefining danish shorthand "~
(babel)             in language  on input line 654.
Package babel Info: Redefining danish shorthand "|
(babel)             in language  on input line 660.
Package babel Info: Redefining danish shorthand "~
(babel)             in language  on input line 660.

Overfull \hbox (54.14923pt too wide) in paragraph at lines 665--666
[][][][][][][][][][][][][][][][][][][][][][][][] 
 []

Package babel Info: Redefining danish shorthand "|
(babel)             in language  on input line 670.
Package babel Info: Redefining danish shorthand "~
(babel)             in language  on input line 670.
Package babel Info: Redefining danish shorthand "|
(babel)             in language  on input line 670.
Package babel Info: Redefining danish shorthand "~
(babel)             in language  on input line 670.
[21]
Package babel Info: Redefining danish shorthand "|
(babel)             in language  on input line 671.
Package babel Info: Redefining danish shorthand "~
(babel)             in language  on input line 671.
Package babel Info: Redefining danish shorthand "|
(babel)             in language  on input line 672.
Package babel Info: Redefining danish shorthand "~
(babel)             in language  on input line 672.
Package babel Info: Redefining danish shorthand "|
(babel)             in language  on input line 699.
Package babel Info: Redefining danish shorthand "~
(babel)             in language  on input line 699.
Package babel Info: Redefining danish shorthand "|
(babel)             in language  on input line 714.
Package babel Info: Redefining danish shorthand "~
(babel)             in language  on input line 714.
Package babel Info: Redefining danish shorthand "|
(babel)             in language  on input line 714.
Package babel Info: Redefining danish shorthand "~
(babel)             in language  on input line 714.
 [22]
Package babel Info: Redefining danish shorthand "|
(babel)             in language  on input line 716.
Package babel Info: Redefining danish shorthand "~
(babel)             in language  on input line 716.
Package babel Info: Redefining danish shorthand "|
(babel)             in language  on input line 740.
Package babel Info: Redefining danish shorthand "~
(babel)             in language  on input line 740.
Package babel Info: Redefining danish shorthand "|
(babel)             in language  on input line 904.
Package babel Info: Redefining danish shorthand "~
(babel)             in language  on input line 904.
Package babel Info: Redefining danish shorthand "|
(babel)             in language  on input line 904.
Package babel Info: Redefining danish shorthand "~
(babel)             in language  on input line 904.
 [23]
Overfull \hbox (110.17525pt too wide) in paragraph at lines 904--904
[]    \OT1/cmtt/m/n/12 while(pipe->write == (( pipe->read - 1 + P_SIZE) % P_SIZ
E)) /* Pipe is Full*/[] 
 []

Package babel Info: Redefining danish shorthand "|
(babel)             in language  on input line 904.
Package babel Info: Redefining danish shorthand "~
(babel)             in language  on input line 904.
Package babel Info: Redefining danish shorthand "|
(babel)             in language  on input line 904.
Package babel Info: Redefining danish shorthand "~
(babel)             in language  on input line 904.
[24]
Overfull \hbox (104.00024pt too wide) in paragraph at lines 904--904
[] \OT1/cmtt/m/n/12 * Returns: a pointer to the value of the node at the read e
nd of the pipe; NULL[] 
 []

Package babel Info: Redefining danish shorthand "|
(babel)             in language  on input line 904.
Package babel Info: Redefining danish shorthand "~
(babel)             in language  on input line 904.
Package babel Info: Redefining danish shorthand "|
(babel)             in language  on input line 904.
Package babel Info: Redefining danish shorthand "~
(babel)             in language  on input line 904.
[25]
Overfull \hbox (79.30023pt too wide) in paragraph at lines 904--904
[] \OT1/cmtt/m/n/12 * put and get must not be called after destroy. Unless init
 has been called[] 
 []


Overfull \hbox (5.2002pt too wide) in paragraph at lines 904--904
[]       \OT1/cmtt/m/n/12 DEBUG("debuginit", "proc/pipe.c pipe_init sem closed\
n");[] 
 []


Overfull \hbox (42.25021pt too wide) in paragraph at lines 904--904
[]           \OT1/cmtt/m/n/12 DEBUG("debuginit", "proc/pipe.c pipe_init sem b o
pened\n");[] 
 []

Package babel Info: Redefining danish shorthand "|
(babel)             in language  on input line 904.
Package babel Info: Redefining danish shorthand "~
(babel)             in language  on input line 904.
Package babel Info: Redefining danish shorthand "|
(babel)             in language  on input line 904.
Package babel Info: Redefining danish shorthand "~
(babel)             in language  on input line 904.
[26]
Overfull \hbox (42.25021pt too wide) in paragraph at lines 904--904
[]           \OT1/cmtt/m/n/12 DEBUG("debuginit", "proc/pipe.c pipe_init sem b c
losed\n");[] 
 []


Overfull \hbox (66.95023pt too wide) in paragraph at lines 904--904
[]               \OT1/cmtt/m/n/12 DEBUG("debuginit", "proc/pipe.c pipe_init sem
 b opened\n");[] 
 []


Overfull \hbox (66.95023pt too wide) in paragraph at lines 904--904
[]               \OT1/cmtt/m/n/12 DEBUG("debuginit", "proc/pipe.c pipe_init sem
 b closed\n");[] 
 []


Overfull \hbox (54.60022pt too wide) in paragraph at lines 904--904
[]                \OT1/cmtt/m/n/12 DEBUG("debuginit", "proc/pipe.c pipe_init re
turn -1\n");[] 
 []

Package babel Info: Redefining danish shorthand "|
(babel)             in language  on input line 906.
Package babel Info: Redefining danish shorthand "~
(babel)             in language  on input line 906.
Package babel Info: Redefining danish shorthand "|
(babel)             in language  on input line 921.
Package babel Info: Redefining danish shorthand "~
(babel)             in language  on input line 921.
Package babel Info: Redefining danish shorthand "|
(babel)             in language  on input line 921.
Package babel Info: Redefining danish shorthand "~
(babel)             in language  on input line 921.
[27]
Package babel Info: Redefining danish shorthand "|
(babel)             in language  on input line 923.
Package babel Info: Redefining danish shorthand "~
(babel)             in language  on input line 923.

Overfull \hbox (5.2002pt too wide) in paragraph at lines 967--967
[] \OT1/cmtt/m/n/12 * This module contains controls the mapping of file descrip
tors[] 
 []

Package babel Info: Redefining danish shorthand "|
(babel)             in language  on input line 967.
Package babel Info: Redefining danish shorthand "~
(babel)             in language  on input line 967.
Package babel Info: Redefining danish shorthand "|
(babel)             in language  on input line 967.
Package babel Info: Redefining danish shorthand "~
(babel)             in language  on input line 967.
[28]
Package babel Info: Redefining danish shorthand "|
(babel)             in language  on input line 969.
Package babel Info: Redefining danish shorthand "~
(babel)             in language  on input line 969.
Package babel Info: Redefining danish shorthand "|
(babel)             in language  on input line 1052.
Package babel Info: Redefining danish shorthand "~
(babel)             in language  on input line 1052.
Package babel Info: Redefining danish shorthand "|
(babel)             in language  on input line 1052.
Package babel Info: Redefining danish shorthand "~
(babel)             in language  on input line 1052.
 [29]
Package babel Info: Redefining danish shorthand "|
(babel)             in language  on input line 1052.
Package babel Info: Redefining danish shorthand "~
(babel)             in language  on input line 1052.
Package babel Info: Redefining danish shorthand "|
(babel)             in language  on input line 1052.
Package babel Info: Redefining danish shorthand "~
(babel)             in language  on input line 1052.
 [30]
Package babel Info: Redefining danish shorthand "|
(babel)             in language  on input line 1054.
Package babel Info: Redefining danish shorthand "~
(babel)             in language  on input line 1054.

Overfull \hbox (66.95023pt too wide) in paragraph at lines 1072--1072
[]\OT1/cmtt/m/n/12 FILES := exception.c elf.c process.c syscall.c usr_sem.c io.
c pipe.c dup.c[] 
 []

Package babel Info: Redefining danish shorthand "|
(babel)             in language  on input line 1074.
Package babel Info: Redefining danish shorthand "~
(babel)             in language  on input line 1074.
Package atveryend Info: Empty hook `BeforeClearDocument' on input line 1083.
Package babel Info: Redefining danish shorthand "|
(babel)             in language  on input line 1083.
Package babel Info: Redefining danish shorthand "~
(babel)             in language  on input line 1083.
Package babel Info: Redefining danish shorthand "|
(babel)             in language  on input line 1083.
Package babel Info: Redefining danish shorthand "~
(babel)             in language  on input line 1083.
[31]
Package atveryend Info: Empty hook `AfterLastShipout' on input line 1083.
 (./osm_exame_jensen_gjx653.aux)
Package atveryend Info: Executing hook `AtVeryEndDocument' on input line 1083.
Package atveryend Info: Executing hook `AtEndAfterFileList' on input line 1083.



Package rerunfilecheck Warning: File `osm_exame_jensen_gjx653.out' has changed.

(rerunfilecheck)                Rerun to get outlines right
(rerunfilecheck)                or use package `bookmark'.

Package rerunfilecheck Info: Checksums for `osm_exame_jensen_gjx653.out':
(rerunfilecheck)             Before: <no file>
(rerunfilecheck)             After:  9048FCF92ABF15C425388ED2B24C35EB;2324.
Package atveryend Info: Empty hook `AtVeryVeryEnd' on input line 1083.
 ) 
Here is how much of TeX's memory you used:
 9874 strings out of 493104
 138757 string characters out of 6136931
 253440 words of memory out of 5000000
 13085 multiletter control sequences out of 15000+600000
 12244 words of font info for 46 fonts, out of 8000000 for 9000
 1141 hyphenation exceptions out of 8191
 35i,11n,43p,239b,1772s stack positions out of 5000i,500n,10000p,200000b,80000s
</usr/share/texlive/texmf-dist/fonts/type1/public/amsfonts/cm/cmbx12.pfb></us
r/share/texlive/texmf-dist/fonts/type1/public/amsfonts/cm/cmcsc10.pfb></usr/sha
re/texlive/texmf-dist/fonts/type1/public/amsfonts/cm/cmmi12.pfb></usr/share/tex
live/texmf-dist/fonts/type1/public/amsfonts/cm/cmmi8.pfb></usr/share/texlive/te
xmf-dist/fonts/type1/public/amsfonts/cm/cmr10.pfb></usr/share/texlive/texmf-dis
t/fonts/type1/public/amsfonts/cm/cmr12.pfb></usr/share/texlive/texmf-dist/fonts
/type1/public/amsfonts/cm/cmr8.pfb></usr/share/texlive/texmf-dist/fonts/type1/p
ublic/amsfonts/cm/cmsy10.pfb></usr/share/texlive/texmf-dist/fonts/type1/public/
amsfonts/cm/cmsy8.pfb></usr/share/texlive/texmf-dist/fonts/type1/public/amsfont
s/cm/cmtt10.pfb></usr/share/texlive/texmf-dist/fonts/type1/public/amsfonts/cm/c
mtt12.pfb>
Output written on osm_exame_jensen_gjx653.pdf (32 pages, 180629 bytes).
PDF statistics:
 304 PDF objects out of 1000 (max. 8388607)
 256 compressed objects within 3 object streams
 123 named destinations out of 1000 (max. 500000)
 1 words of extra memory for PDF output out of 10000 (max. 10000000)

