\BOOKMARK [1][-]{section.0.1}{P1 benchmarking: Thread-safe queues}{}% 1
\BOOKMARK [1][-]{section.0.2}{P2. Buenos system calls for basic I/O}{}% 2
\BOOKMARK [1][-]{section.0.3}{P3. Process communication: Unidirectional pipes}{}% 3
\BOOKMARK [2][-]{subsection.0.3.1}{a Implement system call syscall\137pipe}{section.0.3}% 4
\BOOKMARK [2][-]{subsection.0.3.2}{b Modify existing system calls}{section.0.3}% 5
\BOOKMARK [2][-]{subsection.0.3.3}{c Implement additional system support}{section.0.3}% 6
\BOOKMARK [2][-]{subsection.0.3.4}{d Test the implemented functionns}{section.0.3}% 7
\BOOKMARK [1][-]{section.0.4}{T1. Concurency:Parts must come together}{}% 8
\BOOKMARK [2][-]{subsection.0.4.1}{a Pseudo-code}{section.0.4}% 9
\BOOKMARK [2][-]{subsection.0.4.2}{b Correctness}{section.0.4}% 10
\BOOKMARK [1][-]{section.0.5}{T2.Online algorithms:Binery body system}{}% 11
\BOOKMARK [2][-]{subsection.0.5.1}{a Implementation details}{section.0.5}% 12
\BOOKMARK [2][-]{subsection.0.5.2}{b Runtime analysis}{section.0.5}% 13
\BOOKMARK [2][-]{subsection.0.5.3}{c Fragmentation analysis, NOTE: for this part examV1.1 was used}{section.0.5}% 14
\BOOKMARK [1][-]{section.0.6}{T3.Protocols: The fundamentals}{}% 15
\BOOKMARK [2][-]{subsection.0.6.1}{NAND memory, wear leveling}{section.0.6}% 16
\BOOKMARK [1][-]{section.0.7}{References}{}% 17
\BOOKMARK [2][-]{subsection.0.7.1}{}{section.0.7}% 18
\BOOKMARK [1][-]{section.0.8}{Appendix P2 code changes}{}% 19
\BOOKMARK [2][-]{subsection.0.8.1}{syscall.h}{section.0.8}% 20
\BOOKMARK [2][-]{subsection.0.8.2}{syscall.c}{section.0.8}% 21
\BOOKMARK [2][-]{subsection.0.8.3}{test/lib.h}{section.0.8}% 22
\BOOKMARK [2][-]{subsection.0.8.4}{test/lib.c}{section.0.8}% 23
\BOOKMARK [1][-]{section.0.9}{Appendix P3 code changes}{}% 24
\BOOKMARK [2][-]{subsection.0.9.1}{proc/syscall.h}{section.0.9}% 25
\BOOKMARK [2][-]{subsection.0.9.2}{proc/syscall.c}{section.0.9}% 26
\BOOKMARK [2][-]{subsection.0.9.3}{proc/pipe.h}{section.0.9}% 27
\BOOKMARK [2][-]{subsection.0.9.4}{proc/pipe.c}{section.0.9}% 28
\BOOKMARK [2][-]{subsection.0.9.5}{proc/dup.h}{section.0.9}% 29
\BOOKMARK [2][-]{subsection.0.9.6}{proc/dup.c}{section.0.9}% 30
\BOOKMARK [2][-]{subsection.0.9.7}{proc/io.h}{section.0.9}% 31
\BOOKMARK [2][-]{subsection.0.9.8}{proc/module.mk}{section.0.9}% 32
\BOOKMARK [2][-]{subsection.0.9.9}{init.main}{section.0.9}% 33
